Error: required parameter 'imsi' is not specified
Usage:
  soracom stats air get [flags]

Flags:
      --from int        Specify the start month/day/minute of the period to be aggregated in UNIX time in seconds.
  -h, --help            help for get
      --imsi string     The target IMSI. The IMSI can be obtained from the [Sim:listSims API](#!/Sim/listSims).
      --jsonl           配列型のレスポンスを JSONL (JSON Lines) フォーマットで出力します。
      --period string   Unit of aggregation.- 'month': Aggregate by month.  The 'from' and 'to' should be UNIX time (in seconds) from 18 months before the current time to the current time. The actual period of interest is not the time specified by 'from' and 'to'.  | Item | Description |  |-|-|  | Actual start time | 00:00:00 on the first day of the month, including the specified UNIX time (in seconds). |  | Actual end time | 24:00:00 of the last day of the month containing the specified UNIX time (in seconds). |- 'day': Aggregate by day.  The 'from' and 'to' should be UNIX time (in seconds) from 18 months before the current time to the current time. The actual period of interest is not the time specified by 'from' and 'to'.  | Item | Description |  |-|-|  | Actual start time | 00:00:00 of the day including the specified UNIX time (in seconds). |  | Actual end time | 24:00:00 of the day including the specified UNIX time (in seconds). |- 'minutes': Aggregate by approximately every 5 minutes.  The 'from' and 'to' must be between 32 days before the current time and the UNIX time (in seconds) of the current time. The actual period to be aggregated is not the time specified by 'from' and 'to'.  | Item | Description |  |-|-|  | Actual Start Time | Start time of approximately 5 minutes including the specified UNIX time (seconds). |  | Actual End Time | End time of approximately 5 minutes including the specified UNIX time (seconds). |
      --to int          Specify the end month/day/minute of the period to be aggregated in UNIX time in seconds.

Global Flags:
      --api-key string           API キーを指定します。
                                 API キーを指定しなければ soracom-cli が代わりに認証処理を実行して API キーを取得します。
                                 もし API キーを既に持っている場合はこの引数に指定することで認証処理をスキップできるので高速化できます。
                                 --api-token も同時に指定してください。
                                 
      --api-token string         API トークンを指定します。
                                 API トークンを指定しなければ soracom-cli が代わりに認証処理を実行して API トークンを取得します。
                                 もし API トークンを既に持っている場合はこの引数に指定することで認証処理をスキップできるので高速化できます。
                                 --api-key も同時に指定してください。
                                 
      --auth-key string          認証処理に利用する認証キーシークレット (AuthKey) を指定します。
                                 --auth-key-id と --auth-key の両方を指定すると、soracom-cli は事前にセットアップされたプロファイル情報なしでも動作します。
                                 すなわち事前に 'soracom configure' コマンドを実行しておく必要がなくなりますので、一時的にコマンドを実行したいだけの場合やスクリプトからの実行などに適しています。
                                 このオプションを指定した場合は合わせて --coverage-type も指定してください。
                                 
      --auth-key-id string       認証処理に利用する認証キー ID (AuthKeyId) を指定します。
                                 --auth-key-id と --auth-key の両方を指定すると、soracom-cli は事前にセットアップされたプロファイル情報なしでも動作します。
                                 すなわち事前に 'soracom configure' コマンドを実行しておく必要がなくなりますので、一時的にコマンドを実行したい場合やスクリプトからの実行などに適しています。
                                 このオプションを指定した場合は合わせて --coverage-type も指定してください。
                                 
      --coverage-type string     カバレッジタイプを指定します。グローバルカバレッジは 'g'、日本カバレッジは 'jp' です。
                                 
      --no-retry-on-error        このフラグを指定すると、API がエラーを返してきた場合にもリトライしません (デフォルトではバックオフしながら数回リトライします)。
                                 
      --profile string           プロファイル名を指定します。
                                 
      --profile-command string   プロファイル情報を供給するためのコマンドを指定します。
                                 このオプションを指定すると、soracom-cli は事前にセットアップされたプロファイル情報なしでも動作します。
                                 すなわち事前に 'soracom configure' コマンドを実行しておく必要がなくなります。
                                 認証情報をパスワードマネージャーなどのより安全な場所に格納しておき、外部コマンド経由でそれを利用することができます。
                                 
      --raw-output               API から返却されたレスポンスを加工せずにそのまま出力します (デフォルトでは JSON をインデントして表示します)。

IMSI:  のデータ取得に失敗しました。
Error: required parameter 'imsi' is not specified
Usage:
  soracom stats air get [flags]

Flags:
      --from int        Specify the start month/day/minute of the period to be aggregated in UNIX time in seconds.
  -h, --help            help for get
      --imsi string     The target IMSI. The IMSI can be obtained from the [Sim:listSims API](#!/Sim/listSims).
      --jsonl           配列型のレスポンスを JSONL (JSON Lines) フォーマットで出力します。
      --period string   Unit of aggregation.- 'month': Aggregate by month.  The 'from' and 'to' should be UNIX time (in seconds) from 18 months before the current time to the current time. The actual period of interest is not the time specified by 'from' and 'to'.  | Item | Description |  |-|-|  | Actual start time | 00:00:00 on the first day of the month, including the specified UNIX time (in seconds). |  | Actual end time | 24:00:00 of the last day of the month containing the specified UNIX time (in seconds). |- 'day': Aggregate by day.  The 'from' and 'to' should be UNIX time (in seconds) from 18 months before the current time to the current time. The actual period of interest is not the time specified by 'from' and 'to'.  | Item | Description |  |-|-|  | Actual start time | 00:00:00 of the day including the specified UNIX time (in seconds). |  | Actual end time | 24:00:00 of the day including the specified UNIX time (in seconds). |- 'minutes': Aggregate by approximately every 5 minutes.  The 'from' and 'to' must be between 32 days before the current time and the UNIX time (in seconds) of the current time. The actual period to be aggregated is not the time specified by 'from' and 'to'.  | Item | Description |  |-|-|  | Actual Start Time | Start time of approximately 5 minutes including the specified UNIX time (seconds). |  | Actual End Time | End time of approximately 5 minutes including the specified UNIX time (seconds). |
      --to int          Specify the end month/day/minute of the period to be aggregated in UNIX time in seconds.

Global Flags:
      --api-key string           API キーを指定します。
                                 API キーを指定しなければ soracom-cli が代わりに認証処理を実行して API キーを取得します。
                                 もし API キーを既に持っている場合はこの引数に指定することで認証処理をスキップできるので高速化できます。
                                 --api-token も同時に指定してください。
                                 
      --api-token string         API トークンを指定します。
                                 API トークンを指定しなければ soracom-cli が代わりに認証処理を実行して API トークンを取得します。
                                 もし API トークンを既に持っている場合はこの引数に指定することで認証処理をスキップできるので高速化できます。
                                 --api-key も同時に指定してください。
                                 
      --auth-key string          認証処理に利用する認証キーシークレット (AuthKey) を指定します。
                                 --auth-key-id と --auth-key の両方を指定すると、soracom-cli は事前にセットアップされたプロファイル情報なしでも動作します。
                                 すなわち事前に 'soracom configure' コマンドを実行しておく必要がなくなりますので、一時的にコマンドを実行したいだけの場合やスクリプトからの実行などに適しています。
                                 このオプションを指定した場合は合わせて --coverage-type も指定してください。
                                 
      --auth-key-id string       認証処理に利用する認証キー ID (AuthKeyId) を指定します。
                                 --auth-key-id と --auth-key の両方を指定すると、soracom-cli は事前にセットアップされたプロファイル情報なしでも動作します。
                                 すなわち事前に 'soracom configure' コマンドを実行しておく必要がなくなりますので、一時的にコマンドを実行したい場合やスクリプトからの実行などに適しています。
                                 このオプションを指定した場合は合わせて --coverage-type も指定してください。
                                 
      --coverage-type string     カバレッジタイプを指定します。グローバルカバレッジは 'g'、日本カバレッジは 'jp' です。
                                 
      --no-retry-on-error        このフラグを指定すると、API がエラーを返してきた場合にもリトライしません (デフォルトではバックオフしながら数回リトライします)。
                                 
      --profile string           プロファイル名を指定します。
                                 
      --profile-command string   プロファイル情報を供給するためのコマンドを指定します。
                                 このオプションを指定すると、soracom-cli は事前にセットアップされたプロファイル情報なしでも動作します。
                                 すなわち事前に 'soracom configure' コマンドを実行しておく必要がなくなります。
                                 認証情報をパスワードマネージャーなどのより安全な場所に格納しておき、外部コマンド経由でそれを利用することができます。
                                 
      --raw-output               API から返却されたレスポンスを加工せずにそのまま出力します (デフォルトでは JSON をインデントして表示します)。

IMSI:  のデータ取得に失敗しました。
